<?xml version="1.0" encoding="UTF-8"?>
<!-- Generated by org.testng.reporters.JUnitReportReporter -->
<testsuite hostname="New" name="E2E.Homepage" tests="2" failures="0" timestamp="24 Jul 2022 17:41:17 GMT" time="0.003" errors="2">
  <testcase name="homepageNavigation" time="0.001" classname="E2E.Homepage">
    <error type="org.openqa.selenium.SessionNotCreatedException" message="session not created: This version of ChromeDriver only supports Chrome version 89
Current browser version is 103.0.5060.134 with binary path C:\Program Files (x86)\Google\Chrome\Application\chrome.exe
Build info: version: &#039;3.141.59&#039;, revision: &#039;e82be7d358&#039;, time: &#039;2018-11-14T08:17:03&#039;
System info: host: &#039;NEW&#039;, ip: &#039;192.168.29.149&#039;, os.name: &#039;Windows 8.1&#039;, os.arch: &#039;amd64&#039;, os.version: &#039;6.3&#039;, java.version: &#039;1.8.0_144&#039;
Driver info: driver.version: ChromeDriver
remote stacktrace: Backtrace:
	Ordinal0 [0x0081E7D3+124883]
	Ordinal0 [0x0081E7B1+124849]
	GetHandleVerifier [0x00A68688+193832]
	GetHandleVerifier [0x00A83AC5+305509]
	GetHandleVerifier [0x00A8021B+291003]
	GetHandleVerifier [0x00A7E0AC+282444]
	GetHandleVerifier [0x00AA4A90+440624]
	GetHandleVerifier [0x00AA47FC+439964]
	GetHandleVerifier [0x00AA154B+426987]
	GetHandleVerifier [0x00A84FFD+310941]
	GetHandleVerifier [0x00A85D8E+314414]
	GetHandleVerifier [0x00A85D19+314297]
	GetHandleVerifier [0x00B431EC+1089676]
	GetHandleVerifier [0x00B417C9+1082985]
	GetHandleVerifier [0x00B413A3+1081923]
	GetHandleVerifier [0x00C3D9FD+2115741]
	Ordinal0 [0x0096B82E+1488942]
	Ordinal0 [0x00905A7D+1071741]
	Ordinal0 [0x0090559B+1070491]
	Ordinal0 [0x009054B1+1070257]
	Ordinal0 [0x0093FF53+1310547]
	BaseThreadInitThunk [0x762F495D+14]
	RtlInitializeExceptionChain [0x779B98EE+132]
	RtlInitializeExceptionChain [0x779B98C4+90]
">
      <![CDATA[org.openqa.selenium.SessionNotCreatedException: session not created: This version of ChromeDriver only supports Chrome version 89
Current browser version is 103.0.5060.134 with binary path C:\Program Files (x86)\Google\Chrome\Application\chrome.exe
Build info: version: '3.141.59', revision: 'e82be7d358', time: '2018-11-14T08:17:03'
System info: host: 'NEW', ip: '192.168.29.149', os.name: 'Windows 8.1', os.arch: 'amd64', os.version: '6.3', java.version: '1.8.0_144'
Driver info: driver.version: ChromeDriver
remote stacktrace: Backtrace:
	Ordinal0 [0x0081E7D3+124883]
	Ordinal0 [0x0081E7B1+124849]
	GetHandleVerifier [0x00A68688+193832]
	GetHandleVerifier [0x00A83AC5+305509]
	GetHandleVerifier [0x00A8021B+291003]
	GetHandleVerifier [0x00A7E0AC+282444]
	GetHandleVerifier [0x00AA4A90+440624]
	GetHandleVerifier [0x00AA47FC+439964]
	GetHandleVerifier [0x00AA154B+426987]
	GetHandleVerifier [0x00A84FFD+310941]
	GetHandleVerifier [0x00A85D8E+314414]
	GetHandleVerifier [0x00A85D19+314297]
	GetHandleVerifier [0x00B431EC+1089676]
	GetHandleVerifier [0x00B417C9+1082985]
	GetHandleVerifier [0x00B413A3+1081923]
	GetHandleVerifier [0x00C3D9FD+2115741]
	Ordinal0 [0x0096B82E+1488942]
	Ordinal0 [0x00905A7D+1071741]
	Ordinal0 [0x0090559B+1070491]
	Ordinal0 [0x009054B1+1070257]
	Ordinal0 [0x0093FF53+1310547]
	BaseThreadInitThunk [0x762F495D+14]
	RtlInitializeExceptionChain [0x779B98EE+132]
	RtlInitializeExceptionChain [0x779B98C4+90]

	at sun.reflect.NativeConstructorAccessorImpl.newInstance0(Native Method)
	at sun.reflect.NativeConstructorAccessorImpl.newInstance(NativeConstructorAccessorImpl.java:62)
	at sun.reflect.DelegatingConstructorAccessorImpl.newInstance(DelegatingConstructorAccessorImpl.java:45)
	at java.lang.reflect.Constructor.newInstance(Constructor.java:423)
	at org.openqa.selenium.remote.W3CHandshakeResponse.lambda$errorHandler$0(W3CHandshakeResponse.java:62)
	at org.openqa.selenium.remote.HandshakeResponse.lambda$getResponseFunction$0(HandshakeResponse.java:30)
	at org.openqa.selenium.remote.ProtocolHandshake.lambda$createSession$0(ProtocolHandshake.java:126)
	at java.util.stream.ReferencePipeline$3$1.accept(ReferencePipeline.java:193)
	at java.util.Spliterators$ArraySpliterator.tryAdvance(Spliterators.java:958)
	at java.util.stream.ReferencePipeline.forEachWithCancel(ReferencePipeline.java:126)
	at java.util.stream.AbstractPipeline.copyIntoWithCancel(AbstractPipeline.java:498)
	at java.util.stream.AbstractPipeline.copyInto(AbstractPipeline.java:485)
	at java.util.stream.AbstractPipeline.wrapAndCopyInto(AbstractPipeline.java:471)
	at java.util.stream.FindOps$FindOp.evaluateSequential(FindOps.java:152)
	at java.util.stream.AbstractPipeline.evaluate(AbstractPipeline.java:234)
	at java.util.stream.ReferencePipeline.findFirst(ReferencePipeline.java:464)
	at org.openqa.selenium.remote.ProtocolHandshake.createSession(ProtocolHandshake.java:128)
	at org.openqa.selenium.remote.ProtocolHandshake.createSession(ProtocolHandshake.java:74)
	at org.openqa.selenium.remote.HttpCommandExecutor.execute(HttpCommandExecutor.java:136)
	at org.openqa.selenium.remote.service.DriverCommandExecutor.execute(DriverCommandExecutor.java:83)
	at org.openqa.selenium.remote.RemoteWebDriver.execute(RemoteWebDriver.java:552)
	at org.openqa.selenium.remote.RemoteWebDriver.startSession(RemoteWebDriver.java:213)
	at org.openqa.selenium.remote.RemoteWebDriver.<init>(RemoteWebDriver.java:131)
	at org.openqa.selenium.chrome.ChromeDriver.<init>(ChromeDriver.java:181)
	at org.openqa.selenium.chrome.ChromeDriver.<init>(ChromeDriver.java:168)
	at org.openqa.selenium.chrome.ChromeDriver.<init>(ChromeDriver.java:123)
	at resources.base.initializedriver(base.java:32)
	at E2E.Homepage.Open_Browser(Homepage.java:27)
	at sun.reflect.NativeMethodAccessorImpl.invoke0(Native Method)
	at sun.reflect.NativeMethodAccessorImpl.invoke(NativeMethodAccessorImpl.java:62)
	at sun.reflect.DelegatingMethodAccessorImpl.invoke(DelegatingMethodAccessorImpl.java:43)
	at java.lang.reflect.Method.invoke(Method.java:498)
	at org.testng.internal.MethodInvocationHelper.invokeMethod(MethodInvocationHelper.java:86)
	at org.testng.internal.Invoker.invokeConfigurationMethod(Invoker.java:515)
	at org.testng.internal.Invoker.invokeConfigurations(Invoker.java:216)
	at org.testng.internal.Invoker.invokeMethod(Invoker.java:590)
	at org.testng.internal.Invoker.invokeTestMethod(Invoker.java:823)
	at org.testng.internal.Invoker.invokeTestMethods(Invoker.java:1131)
	at org.testng.internal.TestMethodWorker.invokeTestMethods(TestMethodWorker.java:129)
	at org.testng.internal.TestMethodWorker.run(TestMethodWorker.java:112)
	at org.testng.TestRunner.privateRun(TestRunner.java:778)
	at org.testng.TestRunner.run(TestRunner.java:632)
	at org.testng.SuiteRunner.runTest(SuiteRunner.java:366)
	at org.testng.SuiteRunner.runSequentially(SuiteRunner.java:361)
	at org.testng.SuiteRunner.privateRun(SuiteRunner.java:319)
	at org.testng.SuiteRunner.run(SuiteRunner.java:268)
	at org.testng.SuiteRunnerWorker.runSuite(SuiteRunnerWorker.java:52)
	at org.testng.SuiteRunnerWorker.run(SuiteRunnerWorker.java:86)
	at org.testng.TestNG.runSuitesSequentially(TestNG.java:1225)
	at org.testng.TestNG.runSuitesLocally(TestNG.java:1150)
	at org.testng.TestNG.runSuites(TestNG.java:1075)
	at org.testng.TestNG.run(TestNG.java:1047)
	at org.testng.remote.AbstractRemoteTestNG.run(AbstractRemoteTestNG.java:126)
	at org.testng.remote.RemoteTestNG.initAndRun(RemoteTestNG.java:137)
	at org.testng.remote.RemoteTestNG.main(RemoteTestNG.java:58)
]]>
    </error>
  </testcase> <!-- homepageNavigation -->
  <testcase name="homepageNavigation" time="0.002" classname="E2E.Homepage">
    <error type="org.openqa.selenium.SessionNotCreatedException" message="session not created: This version of ChromeDriver only supports Chrome version 89
Current browser version is 103.0.5060.134 with binary path C:\Program Files (x86)\Google\Chrome\Application\chrome.exe
Build info: version: &#039;3.141.59&#039;, revision: &#039;e82be7d358&#039;, time: &#039;2018-11-14T08:17:03&#039;
System info: host: &#039;NEW&#039;, ip: &#039;192.168.29.149&#039;, os.name: &#039;Windows 8.1&#039;, os.arch: &#039;amd64&#039;, os.version: &#039;6.3&#039;, java.version: &#039;1.8.0_144&#039;
Driver info: driver.version: ChromeDriver
remote stacktrace: Backtrace:
	Ordinal0 [0x0081E7D3+124883]
	Ordinal0 [0x0081E7B1+124849]
	GetHandleVerifier [0x00A68688+193832]
	GetHandleVerifier [0x00A83AC5+305509]
	GetHandleVerifier [0x00A8021B+291003]
	GetHandleVerifier [0x00A7E0AC+282444]
	GetHandleVerifier [0x00AA4A90+440624]
	GetHandleVerifier [0x00AA47FC+439964]
	GetHandleVerifier [0x00AA154B+426987]
	GetHandleVerifier [0x00A84FFD+310941]
	GetHandleVerifier [0x00A85D8E+314414]
	GetHandleVerifier [0x00A85D19+314297]
	GetHandleVerifier [0x00B431EC+1089676]
	GetHandleVerifier [0x00B417C9+1082985]
	GetHandleVerifier [0x00B413A3+1081923]
	GetHandleVerifier [0x00C3D9FD+2115741]
	Ordinal0 [0x0096B82E+1488942]
	Ordinal0 [0x00905A7D+1071741]
	Ordinal0 [0x0090559B+1070491]
	Ordinal0 [0x009054B1+1070257]
	Ordinal0 [0x0093FF53+1310547]
	BaseThreadInitThunk [0x762F495D+14]
	RtlInitializeExceptionChain [0x779B98EE+132]
	RtlInitializeExceptionChain [0x779B98C4+90]
">
      <![CDATA[org.openqa.selenium.SessionNotCreatedException: session not created: This version of ChromeDriver only supports Chrome version 89
Current browser version is 103.0.5060.134 with binary path C:\Program Files (x86)\Google\Chrome\Application\chrome.exe
Build info: version: '3.141.59', revision: 'e82be7d358', time: '2018-11-14T08:17:03'
System info: host: 'NEW', ip: '192.168.29.149', os.name: 'Windows 8.1', os.arch: 'amd64', os.version: '6.3', java.version: '1.8.0_144'
Driver info: driver.version: ChromeDriver
remote stacktrace: Backtrace:
	Ordinal0 [0x0081E7D3+124883]
	Ordinal0 [0x0081E7B1+124849]
	GetHandleVerifier [0x00A68688+193832]
	GetHandleVerifier [0x00A83AC5+305509]
	GetHandleVerifier [0x00A8021B+291003]
	GetHandleVerifier [0x00A7E0AC+282444]
	GetHandleVerifier [0x00AA4A90+440624]
	GetHandleVerifier [0x00AA47FC+439964]
	GetHandleVerifier [0x00AA154B+426987]
	GetHandleVerifier [0x00A84FFD+310941]
	GetHandleVerifier [0x00A85D8E+314414]
	GetHandleVerifier [0x00A85D19+314297]
	GetHandleVerifier [0x00B431EC+1089676]
	GetHandleVerifier [0x00B417C9+1082985]
	GetHandleVerifier [0x00B413A3+1081923]
	GetHandleVerifier [0x00C3D9FD+2115741]
	Ordinal0 [0x0096B82E+1488942]
	Ordinal0 [0x00905A7D+1071741]
	Ordinal0 [0x0090559B+1070491]
	Ordinal0 [0x009054B1+1070257]
	Ordinal0 [0x0093FF53+1310547]
	BaseThreadInitThunk [0x762F495D+14]
	RtlInitializeExceptionChain [0x779B98EE+132]
	RtlInitializeExceptionChain [0x779B98C4+90]

	at sun.reflect.NativeConstructorAccessorImpl.newInstance0(Native Method)
	at sun.reflect.NativeConstructorAccessorImpl.newInstance(NativeConstructorAccessorImpl.java:62)
	at sun.reflect.DelegatingConstructorAccessorImpl.newInstance(DelegatingConstructorAccessorImpl.java:45)
	at java.lang.reflect.Constructor.newInstance(Constructor.java:423)
	at org.openqa.selenium.remote.W3CHandshakeResponse.lambda$errorHandler$0(W3CHandshakeResponse.java:62)
	at org.openqa.selenium.remote.HandshakeResponse.lambda$getResponseFunction$0(HandshakeResponse.java:30)
	at org.openqa.selenium.remote.ProtocolHandshake.lambda$createSession$0(ProtocolHandshake.java:126)
	at java.util.stream.ReferencePipeline$3$1.accept(ReferencePipeline.java:193)
	at java.util.Spliterators$ArraySpliterator.tryAdvance(Spliterators.java:958)
	at java.util.stream.ReferencePipeline.forEachWithCancel(ReferencePipeline.java:126)
	at java.util.stream.AbstractPipeline.copyIntoWithCancel(AbstractPipeline.java:498)
	at java.util.stream.AbstractPipeline.copyInto(AbstractPipeline.java:485)
	at java.util.stream.AbstractPipeline.wrapAndCopyInto(AbstractPipeline.java:471)
	at java.util.stream.FindOps$FindOp.evaluateSequential(FindOps.java:152)
	at java.util.stream.AbstractPipeline.evaluate(AbstractPipeline.java:234)
	at java.util.stream.ReferencePipeline.findFirst(ReferencePipeline.java:464)
	at org.openqa.selenium.remote.ProtocolHandshake.createSession(ProtocolHandshake.java:128)
	at org.openqa.selenium.remote.ProtocolHandshake.createSession(ProtocolHandshake.java:74)
	at org.openqa.selenium.remote.HttpCommandExecutor.execute(HttpCommandExecutor.java:136)
	at org.openqa.selenium.remote.service.DriverCommandExecutor.execute(DriverCommandExecutor.java:83)
	at org.openqa.selenium.remote.RemoteWebDriver.execute(RemoteWebDriver.java:552)
	at org.openqa.selenium.remote.RemoteWebDriver.startSession(RemoteWebDriver.java:213)
	at org.openqa.selenium.remote.RemoteWebDriver.<init>(RemoteWebDriver.java:131)
	at org.openqa.selenium.chrome.ChromeDriver.<init>(ChromeDriver.java:181)
	at org.openqa.selenium.chrome.ChromeDriver.<init>(ChromeDriver.java:168)
	at org.openqa.selenium.chrome.ChromeDriver.<init>(ChromeDriver.java:123)
	at resources.base.initializedriver(base.java:32)
	at E2E.Homepage.Open_Browser(Homepage.java:27)
	at sun.reflect.NativeMethodAccessorImpl.invoke0(Native Method)
	at sun.reflect.NativeMethodAccessorImpl.invoke(NativeMethodAccessorImpl.java:62)
	at sun.reflect.DelegatingMethodAccessorImpl.invoke(DelegatingMethodAccessorImpl.java:43)
	at java.lang.reflect.Method.invoke(Method.java:498)
	at org.testng.internal.MethodInvocationHelper.invokeMethod(MethodInvocationHelper.java:86)
	at org.testng.internal.Invoker.invokeConfigurationMethod(Invoker.java:515)
	at org.testng.internal.Invoker.invokeConfigurations(Invoker.java:216)
	at org.testng.internal.Invoker.invokeMethod(Invoker.java:590)
	at org.testng.internal.Invoker.invokeTestMethod(Invoker.java:823)
	at org.testng.internal.Invoker.invokeTestMethods(Invoker.java:1131)
	at org.testng.internal.TestMethodWorker.invokeTestMethods(TestMethodWorker.java:129)
	at org.testng.internal.TestMethodWorker.run(TestMethodWorker.java:112)
	at org.testng.TestRunner.privateRun(TestRunner.java:778)
	at org.testng.TestRunner.run(TestRunner.java:632)
	at org.testng.SuiteRunner.runTest(SuiteRunner.java:366)
	at org.testng.SuiteRunner.runSequentially(SuiteRunner.java:361)
	at org.testng.SuiteRunner.privateRun(SuiteRunner.java:319)
	at org.testng.SuiteRunner.run(SuiteRunner.java:268)
	at org.testng.SuiteRunnerWorker.runSuite(SuiteRunnerWorker.java:52)
	at org.testng.SuiteRunnerWorker.run(SuiteRunnerWorker.java:86)
	at org.testng.TestNG.runSuitesSequentially(TestNG.java:1225)
	at org.testng.TestNG.runSuitesLocally(TestNG.java:1150)
	at org.testng.TestNG.runSuites(TestNG.java:1075)
	at org.testng.TestNG.run(TestNG.java:1047)
	at org.testng.remote.AbstractRemoteTestNG.run(AbstractRemoteTestNG.java:126)
	at org.testng.remote.RemoteTestNG.initAndRun(RemoteTestNG.java:137)
	at org.testng.remote.RemoteTestNG.main(RemoteTestNG.java:58)
]]>
    </error>
  </testcase> <!-- homepageNavigation -->
</testsuite> <!-- E2E.Homepage -->
